#
# A fatal error has been detected by the Java Runtime Environment:
#
#  SIGSEGV (0xb) at pc=0x00000001e2b1dbf3, pid=43328, tid=47879
#
# JRE version: Java(TM) SE Runtime Environment (8.0_20-b26) (build 1.8.0_20-b26)
# Java VM: Java HotSpot(TM) 64-Bit Server VM (25.20-b23 mixed mode bsd-amd64 compressed oops)
# Problematic frame:
# C  0x00000001e2b1dbf3
#
# Failed to write core dump. Core dumps have been disabled. To enable core dumping, try "ulimit -c unlimited" before starting Java again
#
# If you would like to submit a bug report, please visit:
#   http://bugreport.sun.com/bugreport/crash.jsp
# The crash happened outside the Java Virtual Machine in native code.
# See problematic frame for where to report the bug.
#

---------------  T H R E A D  ---------------

Current thread (0x00007feed2922800):  JavaThread "Java2D Queue Flusher" daemon [_thread_in_native, id=47879, stack(0x00000001e04f9000,0x00000001e05f9000)]

siginfo: si_signo: 11 (SIGSEGV), si_code: 1 (SEGV_MAPERR), si_addr: 0x00000001f4413000

Registers:
RAX=0x0000000000000000, RBX=0x0000000000002000, RCX=0x0000000000002000, RDX=0x0000000000000000
RSP=0x00000001e05f7ce0, RBP=0x00000001e05f7d10, RSI=0x00000000001869fe, RDI=0x00000001f4413000
R8 =0x0000000000000000, R9 =0x0000000000000000, R10=0x0000000000000001, R11=0x00000001f4413000
R12=0x0000000000000000, R13=0x0000000000000001, R14=0x0000000000006a00, R15=0x000000003eccccce
RIP=0x00000001e2b1dbf3, EFLAGS=0x0000000000010293, ERR=0x0000000000000006
  TRAPNO=0x000000000000000e

Top of Stack: (sp=0x00000001e05f7ce0)
0x00000001e05f7ce0:   0000000000000000 0000000000000000
0x00000001e05f7cf0:   00000001e05f7e30 00007fff70e72640
0x00000001e05f7d00:   0000000103e01700 0000000000000001
0x00000001e05f7d10:   00000001e05f7d70 00007fff8d1acd73
0x00000001e05f7d20:   0000000000000000 000000016a96b780
0x00000001e05f7d30:   00000001e7013000 000000060000000c
0x00000001e05f7d40:   0000200000000016 0000000a00000004
0x00000001e05f7d50:   0000000000000002 000000037fffffff
0x00000001e05f7d60:   0000000000000001 0000000100000000
0x00000001e05f7d70:   00000001e05f7d90 00007fff8446a8d9
0x00000001e05f7d80:   00000001e05f7e30 0000000000000000
0x00000001e05f7d90:   00000001e05f7dc0 00007fff8446acb7
0x00000001e05f7da0:   00007fff70e72640 0000000000000001
0x00000001e05f7db0:   0000000000000000 0000000000000001
0x00000001e05f7dc0:   00000001e05f7de0 00007fff8446328d
0x00000001e05f7dd0:   00000001e05f7e30 00007fff70e72640
0x00000001e05f7de0:   00000001e05f7e00 00007fff8446a3b0
0x00000001e05f7df0:   0000000000000001 00000001e05f7fd0
0x00000001e05f7e00:   00000001e05f7e90 00007fff8446a60b
0x00000001e05f7e10:   00000000000022c0 0000000000100000
0x00000001e05f7e20:   0000000000000000 0000000000000000
0x00000001e05f7e30:   0000000000000000 0000000000000000
0x00000001e05f7e40:   0000000000000000 00007fff8d1acd08
0x00000001e05f7e50:   00000001e05f7ec0 0000000000000000
0x00000001e05f7e60:   0000000000000000 0000000000000001
0x00000001e05f7e70:   0000000000000000 0000000000080000
0x00000001e05f7e80:   00000001e05f7fd0 0000000000000000
0x00000001e05f7e90:   00000001e05f7fa0 00007fff8d1acba7
0x00000001e05f7ea0:   00007feed0d6fee0 0580000000000000
0x00000001e05f7eb0:   000010000000a000 00007feed4015338
0x00000001e05f7ec0:   00007fff710650d0 0000000042000000
0x00000001e05f7ed0:   00007fff8d1acd08 00007fff72b1bbf0 

Instructions: (pc=0x00000001e2b1dbf3)
0x00000001e2b1dbd3:   d9 0f af d9 4c 63 db 48 89 cb 49 01 fb 4c 03 5d
0x00000001e2b1dbe3:   80 45 89 d5 4c 89 df e9 04 00 00 00 48 83 c7 10
0x00000001e2b1dbf3:   89 07 89 57 04 44 89 67 08 44 89 7f 0c 41 ff cd
0x00000001e2b1dc03:   0f 85 e6 ff ff ff 49 01 db 41 ff c6 41 39 f6 0f 

Register to memory mapping:

RAX=0x0000000000000000 is an unknown value
RBX=0x0000000000002000 is an unknown value
RCX=0x0000000000002000 is an unknown value
RDX=0x0000000000000000 is an unknown value
RSP=0x00000001e05f7ce0 is pointing into the stack for thread: 0x00007feed2922800
RBP=0x00000001e05f7d10 is pointing into the stack for thread: 0x00007feed2922800
RSI=0x00000000001869fe is an unknown value
RDI=0x00000001f4413000 is an unknown value
R8 =0x0000000000000000 is an unknown value
R9 =0x0000000000000000 is an unknown value
R10=0x0000000000000001 is an unknown value
R11=0x00000001f4413000 is an unknown value
R12=0x0000000000000000 is an unknown value
R13=0x0000000000000001 is an unknown value
R14=0x0000000000006a00 is an unknown value
R15=0x000000003eccccce is an unknown value


Stack: [0x00000001e04f9000,0x00000001e05f9000],  sp=0x00000001e05f7ce0,  free space=1019k
Native frames: (J=compiled Java code, j=interpreted, Vv=VM code, C=native code)
C  0x00000001e2b1dbf3
C  [libGLImage.dylib+0x8d73]  __glgProcessPixelsWithProcessor_block_invoke+0x6b
C  [libdispatch.dylib+0x88d9]  _dispatch_client_callout2+0x8
C  [libdispatch.dylib+0x8cb7]  _dispatch_apply_serial+0x2a
C  [libdispatch.dylib+0x128d]  _dispatch_client_callout+0x8
C  [libdispatch.dylib+0x83b0]  _dispatch_sync_f_invoke+0x27
C  [libdispatch.dylib+0x860b]  dispatch_apply_f+0x10b
C  [libGLImage.dylib+0x8ba7]  glgProcessPixelsWithProcessor+0x14c1
C  [GLEngine+0xfa116]  gleCopySubImage+0x1cd
C  [GLEngine+0x1a8f6]  gleDrawPixelsFast+0x1eb5
C  [GLEngine+0x189e4]  glDrawPixels_Exec+0x1c8
C  [libawt_lwawt.dylib+0x36ade]  OGLBlitLoops_Blit+0x70a
C  [libawt_lwawt.dylib+0x3b345]  Java_sun_java2d_opengl_OGLRenderQueue_flushBuffer+0x3d1
j  sun.java2d.opengl.OGLRenderQueue.flushBuffer(JI)V+0
j  sun.java2d.opengl.OGLRenderQueue.flushBuffer()V+21
j  sun.java2d.opengl.OGLRenderQueue.access$100(Lsun/java2d/opengl/OGLRenderQueue;)V+1
j  sun.java2d.opengl.OGLRenderQueue$QueueFlusher.run()V+81
v  ~StubRoutines::call_stub
V  [libjvm.dylib+0x2d429e]  JavaCalls::call_helper(JavaValue*, methodHandle*, JavaCallArguments*, Thread*)+0x6ae
V  [libjvm.dylib+0x2d4a2c]  JavaCalls::call_virtual(JavaValue*, KlassHandle, Symbol*, Symbol*, JavaCallArguments*, Thread*)+0x164
V  [libjvm.dylib+0x2d4bd8]  JavaCalls::call_virtual(JavaValue*, Handle, KlassHandle, Symbol*, Symbol*, Thread*)+0x4a
V  [libjvm.dylib+0x32562b]  thread_entry(JavaThread*, Thread*)+0x7c
V  [libjvm.dylib+0x535a51]  JavaThread::thread_main_inner()+0x9b
V  [libjvm.dylib+0x537194]  JavaThread::run()+0x1c2
V  [libjvm.dylib+0x45d35a]  java_start(Thread*)+0xf6
C  [libsystem_pthread.dylib+0x1899]  _pthread_body+0x8a
C  [libsystem_pthread.dylib+0x172a]  _pthread_struct_init+0x0
C  [libsystem_pthread.dylib+0x5fc9]  thread_start+0xd
C  0x0000000000000000

Java frames: (J=compiled Java code, j=interpreted, Vv=VM code)
j  sun.java2d.opengl.OGLRenderQueue.flushBuffer(JI)V+0
j  sun.java2d.opengl.OGLRenderQueue.flushBuffer()V+21
j  sun.java2d.opengl.OGLRenderQueue.access$100(Lsun/java2d/opengl/OGLRenderQueue;)V+1
j  sun.java2d.opengl.OGLRenderQueue$QueueFlusher.run()V+81
v  ~StubRoutines::call_stub

---------------  P R O C E S S  ---------------

Java Threads: ( => current thread )
  0x00007feed2971000 JavaThread "DestroyJavaVM" [_thread_blocked, id=6915, stack(0x000000010551c000,0x000000010561c000)]
  0x00007feed18f7000 JavaThread "AWT-EventQueue-0" [_thread_blocked, id=49923, stack(0x00000001e13a4000,0x00000001e14a4000)]
  0x00007feed18fa800 JavaThread "Java2D Disposer" daemon [_thread_blocked, id=49203, stack(0x00000001e123b000,0x00000001e133b000)]
=>0x00007feed2922800 JavaThread "Java2D Queue Flusher" daemon [_thread_in_native, id=47879, stack(0x00000001e04f9000,0x00000001e05f9000)]
  0x00007feed1075000 JavaThread "AWT-Shutdown" [_thread_blocked, id=28683, stack(0x00000001dda4a000,0x00000001ddb4a000)]
  0x00007feed20c9000 JavaThread "AppKit Thread" daemon [_thread_in_native, id=3335, stack(0x00007fff5b735000,0x00007fff5bf35000)]
  0x00007feed1828800 JavaThread "Service Thread" daemon [_thread_blocked, id=19971, stack(0x00000001dbe27000,0x00000001dbf27000)]
  0x00007feed106a800 JavaThread "C1 CompilerThread2" daemon [_thread_blocked, id=19459, stack(0x00000001dbd24000,0x00000001dbe24000)]
  0x00007feed1069800 JavaThread "C2 CompilerThread1" daemon [_thread_blocked, id=18947, stack(0x00000001dbc21000,0x00000001dbd21000)]
  0x00007feed2816000 JavaThread "C2 CompilerThread0" daemon [_thread_blocked, id=18435, stack(0x00000001dbb1e000,0x00000001dbc1e000)]
  0x00007feed2814000 JavaThread "Signal Dispatcher" daemon [_thread_blocked, id=17923, stack(0x00000001dba1b000,0x00000001dbb1b000)]
  0x00007feed101c000 JavaThread "Finalizer" daemon [_thread_blocked, id=13059, stack(0x00000001db7e4000,0x00000001db8e4000)]
  0x00007feed101b800 JavaThread "Reference Handler" daemon [_thread_blocked, id=12547, stack(0x00000001db6e1000,0x00000001db7e1000)]

Other Threads:
  0x00007feed181e000 VMThread [stack: 0x00000001db5de000,0x00000001db6de000] [id=12035]
  0x00007feed2029000 WatcherThread [stack: 0x00000001dbf2a000,0x00000001dc02a000] [id=20483]

VM state:not at safepoint (normal execution)

VM Mutex/Monitor currently owned by a thread: None

Heap:
 PSYoungGen      total 38400K, used 8662K [0x000000016a380000, 0x000000016ce00000, 0x0000000194e00000)
  eden space 33280K, 26% used [0x000000016a380000,0x000000016abf5820,0x000000016c400000)
  from space 5120K, 0% used [0x000000016c900000,0x000000016c900000,0x000000016ce00000)
  to   space 5120K, 0% used [0x000000016c400000,0x000000016c400000,0x000000016c900000)
 ParOldGen       total 87552K, used 0K [0x0000000114e00000, 0x000000011a380000, 0x000000016a380000)
  object space 87552K, 0% used [0x0000000114e00000,0x0000000114e00000,0x000000011a380000)
 Metaspace       used 10605K, capacity 10744K, committed 10880K, reserved 1058816K
  class space    used 1338K, capacity 1366K, committed 1408K, reserved 1048576K

Card table byte_map: [0x0000000194e00000,0x0000000195201000] byte_map_base: 0x0000000194559000

Marking Bits: (ParMarkBitMap*) 0x0000000104e9c330
 Begin Bits: [0x00000001957b5000, 0x00000001977b5000)
 End Bits:   [0x00000001977b5000, 0x00000001997b5000)

Polling page: 0x0000000103ded000

CodeCache: size=245760Kb used=2088Kb max_used=2097Kb free=243671Kb
 bounds [0x0000000105652000, 0x00000001058c2000, 0x0000000114652000]
 total_blobs=964 nmethods=460 adapters=419
 compilation: enabled

Compilation events (10 events):
Event: 1.097 Thread 0x00007feed106a800 nmethod 455 0x000000010585b0d0 code [0x000000010585b240, 0x000000010585b3a8]
Event: 1.097 Thread 0x00007feed106a800  456       1       sun.java2d.loops.SurfaceType::getSuperType (5 bytes)
Event: 1.097 Thread 0x00007feed106a800 nmethod 456 0x000000010585b490 code [0x000000010585b5e0, 0x000000010585b6f0]
Event: 1.098 Thread 0x00007feed1069800  457       4       sun.java2d.loops.GraphicsPrimitiveMgr$2::compare (39 bytes)
Event: 1.098 Thread 0x00007feed2816000 nmethod 450 0x000000010585e450 code [0x000000010585e5a0, 0x000000010585e6b8]
Event: 1.098 Thread 0x00007feed106a800  458       3       java.awt.Rectangle::<init> (26 bytes)
Event: 1.098 Thread 0x00007feed106a800 nmethod 458 0x000000010585df10 code [0x000000010585e080, 0x000000010585e2f0]
Event: 1.099 Thread 0x00007feed1069800 nmethod 457 0x000000010585c6d0 code [0x000000010585c820, 0x000000010585c918]
Event: 1.101 Thread 0x00007feed106a800  459       3       java.util.concurrent.locks.AbstractOwnableSynchronizer::setExclusiveOwnerThread (6 bytes)
Event: 1.101 Thread 0x00007feed106a800 nmethod 459 0x000000010585c390 code [0x000000010585c4e0, 0x000000010585c650]

GC Heap History (0 events):
No events

Deoptimization events (0 events):
No events

Internal exceptions (10 events):
Event: 0.296 Thread 0x00007feed1801800 Exception <a 'java/lang/NoSuchFieldError': method resolution failed> (0x000000016a75b900) thrown at [/HUDSON3/workspace/8-2-build-macosx-x86_64/jdk8u20/1074/hotspot/src/share/vm/prims/methodHandles.cpp, line 1159]
Event: 0.388 Thread 0x00007feed1801800 Exception <a 'java/security/PrivilegedActionException'> (0x000000016a7d9a10) thrown at [/HUDSON3/workspace/8-2-build-macosx-x86_64/jdk8u20/1074/hotspot/src/share/vm/prims/jvm.cpp, line 1275]
Event: 0.388 Thread 0x00007feed1801800 Exception <a 'java/security/PrivilegedActionException'> (0x000000016a7db0b8) thrown at [/HUDSON3/workspace/8-2-build-macosx-x86_64/jdk8u20/1074/hotspot/src/share/vm/prims/jvm.cpp, line 1275]
Event: 0.389 Thread 0x00007feed1801800 Exception <a 'java/security/PrivilegedActionException'> (0x000000016a7def30) thrown at [/HUDSON3/workspace/8-2-build-macosx-x86_64/jdk8u20/1074/hotspot/src/share/vm/prims/jvm.cpp, line 1275]
Event: 0.389 Thread 0x00007feed1801800 Exception <a 'java/security/PrivilegedActionException'> (0x000000016a7e0468) thrown at [/HUDSON3/workspace/8-2-build-macosx-x86_64/jdk8u20/1074/hotspot/src/share/vm/prims/jvm.cpp, line 1275]
Event: 0.391 Thread 0x00007feed1801800 Exception <a 'java/security/PrivilegedActionException'> (0x000000016a7ec698) thrown at [/HUDSON3/workspace/8-2-build-macosx-x86_64/jdk8u20/1074/hotspot/src/share/vm/prims/jvm.cpp, line 1275]
Event: 0.392 Thread 0x00007feed1801800 Exception <a 'java/security/PrivilegedActionException'> (0x000000016a7edbb0) thrown at [/HUDSON3/workspace/8-2-build-macosx-x86_64/jdk8u20/1074/hotspot/src/share/vm/prims/jvm.cpp, line 1275]
Event: 0.423 Thread 0x00007feed1801800 Exception <a 'java/security/PrivilegedActionException'> (0x000000016a8c7678) thrown at [/HUDSON3/workspace/8-2-build-macosx-x86_64/jdk8u20/1074/hotspot/src/share/vm/prims/jvm.cpp, line 1275]
Event: 0.462 Thread 0x00007feed1801800 Exception <a 'java/security/PrivilegedActionException'> (0x000000016a924a48) thrown at [/HUDSON3/workspace/8-2-build-macosx-x86_64/jdk8u20/1074/hotspot/src/share/vm/prims/jvm.cpp, line 1275]
Event: 0.462 Thread 0x00007feed1801800 Exception <a 'java/security/PrivilegedActionException'> (0x000000016a926170) thrown at [/HUDSON3/workspace/8-2-build-macosx-x86_64/jdk8u20/1074/hotspot/src/share/vm/prims/jvm.cpp, line 1275]

Events (10 events):
Event: 1.094 loading class java/util/Arrays$LegacyMergeSort
Event: 1.094 loading class java/util/Arrays$LegacyMergeSort done
Event: 1.094 loading class java/util/TimSort
Event: 1.094 loading class java/util/TimSort done
Event: 1.097 loading class sun/java2d/loops/Blit$GeneralMaskBlit
Event: 1.097 loading class sun/java2d/loops/Blit$GeneralMaskBlit done
Event: 1.098 loading class sun/java2d/opengl/OGLSurfaceDataProxy
Event: 1.098 loading class sun/java2d/opengl/OGLSurfaceDataProxy done
Event: 1.099 loading class sun/java2d/StateTrackableDelegate$1
Event: 1.099 loading class sun/java2d/StateTrackableDelegate$1 done


Dynamic libraries:
0x00000000003bb000 	/System/Library/Frameworks/Cocoa.framework/Versions/A/Cocoa
0x00000000003bb000 	/System/Library/Frameworks/Security.framework/Versions/A/Security
0x00000000003bb000 	/System/Library/Frameworks/ApplicationServices.framework/Versions/A/ApplicationServices
0x00000000003bb000 	/usr/lib/libz.1.dylib
0x00000000003bb000 	/usr/lib/libSystem.B.dylib
0x00000000003bb000 	/usr/lib/libobjc.A.dylib
0x00000000003bb000 	/System/Library/Frameworks/CoreFoundation.framework/Versions/A/CoreFoundation
0x00000000003bb000 	/System/Library/Frameworks/Foundation.framework/Versions/C/Foundation
0x00000000003bb000 	/System/Library/Frameworks/AppKit.framework/Versions/C/AppKit
0x00000000003bb000 	/System/Library/Frameworks/CoreData.framework/Versions/A/CoreData
0x00000000003bb000 	/System/Library/PrivateFrameworks/RemoteViewServices.framework/Versions/A/RemoteViewServices
0x00000000003bb000 	/System/Library/Frameworks/AudioToolbox.framework/Versions/A/AudioToolbox
0x00000000003bb000 	/System/Library/Frameworks/AudioUnit.framework/Versions/A/AudioUnit
0x00000000003bb000 	/System/Library/PrivateFrameworks/DataDetectorsCore.framework/Versions/A/DataDetectorsCore
0x00000000003bb000 	/System/Library/PrivateFrameworks/DesktopServicesPriv.framework/Versions/A/DesktopServicesPriv
0x00000000003bb000 	/System/Library/Frameworks/Carbon.framework/Versions/A/Frameworks/HIToolbox.framework/Versions/A/HIToolbox
0x00000000003bb000 	/System/Library/Frameworks/QuartzCore.framework/Versions/A/QuartzCore
0x00000000003bb000 	/System/Library/Frameworks/Carbon.framework/Versions/A/Frameworks/SpeechRecognition.framework/Versions/A/SpeechRecognition
0x00000000003bb000 	/usr/lib/libauto.dylib
0x00000000003bb000 	/usr/lib/libicucore.A.dylib
0x00000000003bb000 	/usr/lib/libxml2.2.dylib
0x00000000003bb000 	/System/Library/PrivateFrameworks/CoreUI.framework/Versions/A/CoreUI
0x00000000003bb000 	/System/Library/Frameworks/CoreAudio.framework/Versions/A/CoreAudio
0x00000000003bb000 	/System/Library/Frameworks/DiskArbitration.framework/Versions/A/DiskArbitration
0x00000000003bb000 	/usr/lib/liblangid.dylib
0x00000000003bb000 	/System/Library/PrivateFrameworks/MultitouchSupport.framework/Versions/A/MultitouchSupport
0x00000000003bb000 	/System/Library/Frameworks/IOKit.framework/Versions/A/IOKit
0x00000000003bb000 	/usr/lib/libDiagnosticMessagesClient.dylib
0x00000000003bb000 	/System/Library/Frameworks/CoreServices.framework/Versions/A/CoreServices
0x00000000003bb000 	/System/Library/PrivateFrameworks/PerformanceAnalysis.framework/Versions/A/PerformanceAnalysis
0x00000000003bb000 	/System/Library/PrivateFrameworks/GenerationalStorage.framework/Versions/A/GenerationalStorage
0x00000000003bb000 	/System/Library/Frameworks/OpenGL.framework/Versions/A/OpenGL
0x00000000003bb000 	/System/Library/PrivateFrameworks/Sharing.framework/Versions/A/Sharing
0x00000000003bb000 	/System/Library/Frameworks/ImageIO.framework/Versions/A/ImageIO
0x00000000003bb000 	/System/Library/Frameworks/CoreText.framework/Versions/A/CoreText
0x00000000003bb000 	/System/Library/Frameworks/CoreGraphics.framework/Versions/A/CoreGraphics
0x00000000003bb000 	/System/Library/PrivateFrameworks/Backup.framework/Versions/A/Backup
0x00000000003bb000 	/System/Library/Frameworks/CFNetwork.framework/Versions/A/CFNetwork
0x00000000003bb000 	/System/Library/Frameworks/SystemConfiguration.framework/Versions/A/SystemConfiguration
0x00000000003bb000 	/usr/lib/libCRFSuite.dylib
0x00000000003bb000 	/usr/lib/libc++.1.dylib
0x00000000003bb000 	/usr/lib/libc++abi.dylib
0x00000000003bb000 	/usr/lib/system/libcache.dylib
0x00000000003bb000 	/usr/lib/system/libcommonCrypto.dylib
0x00000000003bb000 	/usr/lib/system/libcompiler_rt.dylib
0x00000000003bb000 	/usr/lib/system/libcopyfile.dylib
0x00000000003bb000 	/usr/lib/system/libcorecrypto.dylib
0x00000000003bb000 	/usr/lib/system/libdispatch.dylib
0x00000000003bb000 	/usr/lib/system/libdyld.dylib
0x00000000003bb000 	/usr/lib/system/libkeymgr.dylib
0x00000000003bb000 	/usr/lib/system/liblaunch.dylib
0x00000000003bb000 	/usr/lib/system/libmacho.dylib
0x00000000003bb000 	/usr/lib/system/libquarantine.dylib
0x00000000003bb000 	/usr/lib/system/libremovefile.dylib
0x00000000003bb000 	/usr/lib/system/libsystem_asl.dylib
0x00000000003bb000 	/usr/lib/system/libsystem_blocks.dylib
0x00000000003bb000 	/usr/lib/system/libsystem_c.dylib
0x00000000003bb000 	/usr/lib/system/libsystem_configuration.dylib
0x00000000003bb000 	/usr/lib/system/libsystem_dnssd.dylib
0x00000000003bb000 	/usr/lib/system/libsystem_info.dylib
0x00000000003bb000 	/usr/lib/system/libsystem_kernel.dylib
0x00000000003bb000 	/usr/lib/system/libsystem_m.dylib
0x00000000003bb000 	/usr/lib/system/libsystem_malloc.dylib
0x00000000003bb000 	/usr/lib/system/libsystem_network.dylib
0x00000000003bb000 	/usr/lib/system/libsystem_notify.dylib
0x00000000003bb000 	/usr/lib/system/libsystem_platform.dylib
0x00000000003bb000 	/usr/lib/system/libsystem_pthread.dylib
0x00000000003bb000 	/usr/lib/system/libsystem_sandbox.dylib
0x00000000003bb000 	/usr/lib/system/libsystem_stats.dylib
0x00000000003bb000 	/usr/lib/system/libunc.dylib
0x00000000003bb000 	/usr/lib/system/libunwind.dylib
0x00000000003bb000 	/usr/lib/system/libxpc.dylib
0x00000000003bb000 	/usr/lib/libbsm.0.dylib
0x00000000003bb000 	/usr/lib/libsqlite3.dylib
0x00000000003bb000 	/usr/lib/libxar.1.dylib
0x00000000003bb000 	/usr/lib/libpam.2.dylib
0x00000000003bb000 	/usr/lib/libOpenScriptingUtil.dylib
0x00000000003bb000 	/usr/lib/libbz2.1.0.dylib
0x00000000003bb000 	/System/Library/Frameworks/CoreServices.framework/Versions/A/Frameworks/CarbonCore.framework/Versions/A/CarbonCore
0x00000000003bb000 	/System/Library/Frameworks/CoreServices.framework/Versions/A/Frameworks/Metadata.framework/Versions/A/Metadata
0x00000000003bb000 	/System/Library/Frameworks/CoreServices.framework/Versions/A/Frameworks/OSServices.framework/Versions/A/OSServices
0x00000000003bb000 	/System/Library/Frameworks/CoreServices.framework/Versions/A/Frameworks/SearchKit.framework/Versions/A/SearchKit
0x00000000003bb000 	/System/Library/Frameworks/CoreServices.framework/Versions/A/Frameworks/AE.framework/Versions/A/AE
0x00000000003bb000 	/System/Library/Frameworks/CoreServices.framework/Versions/A/Frameworks/LaunchServices.framework/Versions/A/LaunchServices
0x00000000003bb000 	/System/Library/Frameworks/CoreServices.framework/Versions/A/Frameworks/DictionaryServices.framework/Versions/A/DictionaryServices
0x00000000003bb000 	/System/Library/Frameworks/NetFS.framework/Versions/A/NetFS
0x00000000003bb000 	/usr/lib/system/libkxld.dylib
0x00000000003bb000 	/System/Library/PrivateFrameworks/NetAuth.framework/Versions/A/NetAuth
0x00000000003bb000 	/System/Library/PrivateFrameworks/TCC.framework/Versions/A/TCC
0x00000000003bb000 	/System/Library/Frameworks/OpenDirectory.framework/Versions/A/Frameworks/CFOpenDirectory.framework/Versions/A/CFOpenDirectory
0x00000000003bb000 	/System/Library/Frameworks/ServiceManagement.framework/Versions/A/ServiceManagement
0x00000000003bb000 	/usr/lib/libxslt.1.dylib
0x00000000003bb000 	/System/Library/Frameworks/Carbon.framework/Versions/A/Frameworks/Ink.framework/Versions/A/Ink
0x00000000003bb000 	/System/Library/Frameworks/ApplicationServices.framework/Versions/A/Frameworks/ATS.framework/Versions/A/ATS
0x00000000003bb000 	/System/Library/Frameworks/ApplicationServices.framework/Versions/A/Frameworks/ColorSync.framework/Versions/A/ColorSync
0x00000000003bb000 	/System/Library/Frameworks/ApplicationServices.framework/Versions/A/Frameworks/HIServices.framework/Versions/A/HIServices
0x00000000003bb000 	/System/Library/Frameworks/ApplicationServices.framework/Versions/A/Frameworks/LangAnalysis.framework/Versions/A/LangAnalysis
0x00000000003bb000 	/System/Library/Frameworks/ApplicationServices.framework/Versions/A/Frameworks/PrintCore.framework/Versions/A/PrintCore
0x00000000003bb000 	/System/Library/Frameworks/ApplicationServices.framework/Versions/A/Frameworks/QD.framework/Versions/A/QD
0x00000000003bb000 	/System/Library/Frameworks/ApplicationServices.framework/Versions/A/Frameworks/SpeechSynthesis.framework/Versions/A/SpeechSynthesis
0x00000000003bb000 	/System/Library/Frameworks/IOSurface.framework/Versions/A/IOSurface
0x00000000003bb000 	/System/Library/Frameworks/Accelerate.framework/Versions/A/Accelerate
0x00000000003bb000 	/System/Library/Frameworks/Accelerate.framework/Versions/A/Frameworks/vImage.framework/Versions/A/vImage
0x00000000003bb000 	/System/Library/Frameworks/Accelerate.framework/Versions/A/Frameworks/vecLib.framework/Versions/A/vecLib
0x00000000003bb000 	/System/Library/Frameworks/Accelerate.framework/Versions/A/Frameworks/vecLib.framework/Versions/A/libvDSP.dylib
0x00000000003bb000 	/System/Library/Frameworks/Accelerate.framework/Versions/A/Frameworks/vecLib.framework/Versions/A/libvMisc.dylib
0x00000000003bb000 	/System/Library/Frameworks/Accelerate.framework/Versions/A/Frameworks/vecLib.framework/Versions/A/libLAPACK.dylib
0x00000000003bb000 	/System/Library/Frameworks/Accelerate.framework/Versions/A/Frameworks/vecLib.framework/Versions/A/libBLAS.dylib
0x00000000003bb000 	/System/Library/Frameworks/ApplicationServices.framework/Versions/A/Frameworks/ATS.framework/Versions/A/Resources/libFontParser.dylib
0x00000000003bb000 	/System/Library/Frameworks/ApplicationServices.framework/Versions/A/Frameworks/ATS.framework/Versions/A/Resources/libFontRegistry.dylib
0x00000000003bb000 	/System/Library/Frameworks/ImageIO.framework/Versions/A/Resources/libJPEG.dylib
0x00000000003bb000 	/System/Library/Frameworks/ImageIO.framework/Versions/A/Resources/libTIFF.dylib
0x00000000003bb000 	/System/Library/Frameworks/ImageIO.framework/Versions/A/Resources/libPng.dylib
0x00000000003bb000 	/System/Library/Frameworks/ImageIO.framework/Versions/A/Resources/libGIF.dylib
0x00000000003bb000 	/System/Library/Frameworks/ImageIO.framework/Versions/A/Resources/libJP2.dylib
0x00000000003bb000 	/System/Library/Frameworks/ImageIO.framework/Versions/A/Resources/libRadiance.dylib
0x00000000003bb000 	/usr/lib/libcups.2.dylib
0x00000000003bb000 	/System/Library/Frameworks/Kerberos.framework/Versions/A/Kerberos
0x00000000003bb000 	/System/Library/Frameworks/GSS.framework/Versions/A/GSS
0x00000000003bb000 	/usr/lib/libresolv.9.dylib
0x00000000003bb000 	/usr/lib/libiconv.2.dylib
0x00000000003bb000 	/System/Library/PrivateFrameworks/Heimdal.framework/Versions/A/Heimdal
0x00000000003bb000 	/System/Library/PrivateFrameworks/TrustEvaluationAgent.framework/Versions/A/TrustEvaluationAgent
0x00000000003bb000 	/usr/lib/libheimdal-asn1.dylib
0x00000000003bb000 	/System/Library/Frameworks/OpenDirectory.framework/Versions/A/OpenDirectory
0x00000000003bb000 	/System/Library/PrivateFrameworks/CommonAuth.framework/Versions/A/CommonAuth
0x00000000003bb000 	/System/Library/Frameworks/SecurityFoundation.framework/Versions/A/SecurityFoundation
0x00000000003bb000 	/System/Library/PrivateFrameworks/Bom.framework/Versions/A/Bom
0x00000000003bb000 	/System/Library/Frameworks/CoreVideo.framework/Versions/A/CoreVideo
0x00000000003bb000 	/System/Library/Frameworks/QuartzCore.framework/Versions/A/Frameworks/CoreImage.framework/Versions/A/CoreImage
0x00000000003bb000 	/System/Library/Frameworks/QuartzCore.framework/Versions/A/Frameworks/ScalableUserInterface.framework/Versions/A/ScalableUserInterface
0x00000000003bb000 	/System/Library/Frameworks/OpenGL.framework/Versions/A/Libraries/libGLU.dylib
0x00000000003bb000 	/System/Library/Frameworks/OpenGL.framework/Versions/A/Libraries/libGFXShared.dylib
0x00000000003bb000 	/System/Library/Frameworks/OpenGL.framework/Versions/A/Libraries/libGL.dylib
0x00000000003bb000 	/System/Library/Frameworks/OpenGL.framework/Versions/A/Libraries/libGLImage.dylib
0x00000000003bb000 	/System/Library/Frameworks/OpenGL.framework/Versions/A/Libraries/libCVMSPluginSupport.dylib
0x00000000003bb000 	/System/Library/Frameworks/OpenGL.framework/Versions/A/Libraries/libCoreVMClient.dylib
0x00000000003bb000 	/System/Library/PrivateFrameworks/FaceCore.framework/Versions/A/FaceCore
0x00000000003bb000 	/System/Library/PrivateFrameworks/CrashReporterSupport.framework/Versions/A/CrashReporterSupport
0x00000000003bb000 	/System/Library/Frameworks/OpenCL.framework/Versions/A/OpenCL
0x00000000003bb000 	/System/Library/PrivateFrameworks/AppleFSCompression.framework/Versions/A/AppleFSCompression
0x00000000003bb000 	/System/Library/PrivateFrameworks/Ubiquity.framework/Versions/A/Ubiquity
0x00000000003bb000 	/System/Library/PrivateFrameworks/IconServices.framework/Versions/A/IconServices
0x00000000003bb000 	/System/Library/PrivateFrameworks/ChunkingLibrary.framework/Versions/A/ChunkingLibrary
0x00000000003bb000 	/System/Library/PrivateFrameworks/CoreSymbolication.framework/Versions/A/CoreSymbolication
0x00000000003bb000 	/System/Library/PrivateFrameworks/Symbolication.framework/Versions/A/Symbolication
0x00000000003bb000 	/System/Library/PrivateFrameworks/DebugSymbols.framework/Versions/A/DebugSymbols
0x0000000104600000 	/Library/Java/JavaVirtualMachines/jdk1.8.0_20.jdk/Contents/Home/jre/lib/server/libjvm.dylib
0x00000000003bb000 	/usr/lib/libstdc++.6.dylib
0x0000000103ddf000 	/Library/Java/JavaVirtualMachines/jdk1.8.0_20.jdk/Contents/Home/jre/lib/libverify.dylib
0x000000010561e000 	/Library/Java/JavaVirtualMachines/jdk1.8.0_20.jdk/Contents/Home/jre/lib/libjava.dylib
0x0000000103df7000 	/Library/Java/JavaVirtualMachines/jdk1.8.0_20.jdk/Contents/Home/jre/lib/libzip.dylib
0x0000000114be1000 	/System/Library/Frameworks/JavaVM.framework/Frameworks/JavaRuntimeSupport.framework/JavaRuntimeSupport
0x00000001db8e6000 	/System/Library/Frameworks/JavaVM.framework/Versions/A/Frameworks/JavaNativeFoundation.framework/Versions/A/JavaNativeFoundation
0x00000001db8fb000 	/System/Library/Frameworks/JavaVM.framework/Versions/A/JavaVM
0x00000000003bb000 	/System/Library/Frameworks/Carbon.framework/Versions/A/Carbon
0x00000001db908000 	/System/Library/PrivateFrameworks/JavaLaunching.framework/Versions/A/JavaLaunching
0x00000000003bb000 	/System/Library/Frameworks/Carbon.framework/Versions/A/Frameworks/CommonPanels.framework/Versions/A/CommonPanels
0x00000000003bb000 	/System/Library/Frameworks/Carbon.framework/Versions/A/Frameworks/Help.framework/Versions/A/Help
0x00000000003bb000 	/System/Library/Frameworks/Carbon.framework/Versions/A/Frameworks/ImageCapture.framework/Versions/A/ImageCapture
0x00000000003bb000 	/System/Library/Frameworks/Carbon.framework/Versions/A/Frameworks/OpenScripting.framework/Versions/A/OpenScripting
0x00000000003bb000 	/System/Library/Frameworks/Carbon.framework/Versions/A/Frameworks/Print.framework/Versions/A/Print
0x00000000003bb000 	/System/Library/Frameworks/Carbon.framework/Versions/A/Frameworks/SecurityHI.framework/Versions/A/SecurityHI
0x00000001dc098000 	/Library/Java/JavaVirtualMachines/jdk1.8.0_20.jdk/Contents/Home/jre/lib/libawt.dylib
0x00000001dc147000 	/Library/Java/JavaVirtualMachines/jdk1.8.0_20.jdk/Contents/Home/jre/lib/./libmlib_image.dylib
0x00000001dc213000 	/Library/Java/JavaVirtualMachines/jdk1.8.0_20.jdk/Contents/Home/jre/lib/libawt_lwawt.dylib
0x00000001dc2c6000 	/Library/Java/JavaVirtualMachines/jdk1.8.0_20.jdk/Contents/Home/jre/lib/./libosxapp.dylib
0x00000000003bb000 	/System/Library/Frameworks/ExceptionHandling.framework/Versions/A/ExceptionHandling
0x00000000003bb000 	/System/Library/PrivateFrameworks/CoreServicesInternal.framework/Versions/A/CoreServicesInternal
0x00000000003bb000 	/System/Library/PrivateFrameworks/Librarian.framework/Versions/A/Librarian
0x00000000003bb000 	/System/Library/Frameworks/CoreGraphics.framework/Versions/A/Resources/libCGCMS.A.dylib
0x00000000003bb000 	/System/Library/Frameworks/CoreGraphics.framework/Versions/A/Resources/libRIP.A.dylib
0x00000000003bb000 	/System/Library/Frameworks/CoreGraphics.framework/Versions/A/Resources/libCGXType.A.dylib
0x00000000003bb000 	/System/Library/PrivateFrameworks/FamilyControls.framework/Versions/A/FamilyControls
0x00000000003bb000 	/System/Library/PrivateFrameworks/CommerceKit.framework/Versions/A/Frameworks/CommerceCore.framework/Versions/A/CommerceCore
0x00000000003bb000 	/System/Library/PrivateFrameworks/SystemAdministration.framework/Versions/A/SystemAdministration
0x00000000003bb000 	/System/Library/Frameworks/DirectoryService.framework/Versions/A/DirectoryService
0x00000000003bb000 	/System/Library/PrivateFrameworks/DiskImages.framework/Versions/A/DiskImages
0x00000000003bb000 	/System/Library/PrivateFrameworks/LoginUIKit.framework/Versions/A/Frameworks/LoginUICore.framework/Versions/A/LoginUICore
0x00000000003bb000 	/usr/lib/libCoreStorage.dylib
0x00000000003bb000 	/usr/lib/libcsfde.dylib
0x00000000003bb000 	/usr/lib/libodfde.dylib
0x00000000003bb000 	/System/Library/Frameworks/DiscRecording.framework/Versions/A/DiscRecording
0x00000000003bb000 	/usr/lib/libcurl.4.dylib
0x00000000003bb000 	/System/Library/PrivateFrameworks/MediaKit.framework/Versions/A/MediaKit
0x00000000003bb000 	/System/Library/PrivateFrameworks/EFILogin.framework/Versions/A/EFILogin
0x00000000003bb000 	/usr/lib/libutil.dylib
0x00000000003bb000 	/System/Library/PrivateFrameworks/AOSNotification.framework/Versions/A/AOSNotification
0x00000000003bb000 	/System/Library/Frameworks/LDAP.framework/Versions/A/LDAP
0x00000000003bb000 	/usr/lib/libsasl2.2.dylib
0x00000000003bb000 	/usr/lib/libcrypto.0.9.8.dylib
0x00000000003bb000 	/usr/lib/libssl.0.9.8.dylib
0x00000000003bb000 	/System/Library/Frameworks/OpenGL.framework/Versions/A/Resources/GLEngine.bundle/GLEngine
0x00000000003bb000 	/System/Library/Frameworks/OpenGL.framework/Versions/A/Libraries/libGLProgrammability.dylib
0x0000000000000000 	/System/Library/Extensions/AppleIntelHD5000GraphicsGLDriver.bundle/Contents/MacOS/AppleIntelHD5000GraphicsGLDriver
0x00000000003bb000 	/System/Library/PrivateFrameworks/IOAccelerator.framework/Versions/A/IOAccelerator
0x00000000003bb000 	/System/Library/PrivateFrameworks/GPUSupport.framework/Versions/A/Libraries/libGPUSupportMercury.dylib
0x00000000003bb000 	/System/Library/Frameworks/OpenGL.framework/Versions/A/Resources/GLRendererFloat.bundle/GLRendererFloat
0x00000000003bb000 	/System/Library/Frameworks/OpenCL.framework/Versions/A/Libraries/libcldcpuengine.dylib
0x00000001e133d000 	/Library/Java/JavaVirtualMachines/jdk1.8.0_20.jdk/Contents/Home/jre/lib/libfontmanager.dylib
0x00000001ddceb000 	/Library/Java/JavaVirtualMachines/jdk1.8.0_20.jdk/Contents/Home/jre/lib/libosxui.dylib
0x00000001e3159000 	/Library/Java/JavaVirtualMachines/jdk1.8.0_20.jdk/Contents/Home/jre/lib/libnet.dylib
0x00000001e3399000 	/Library/Java/JavaVirtualMachines/jdk1.8.0_20.jdk/Contents/Home/jre/lib/libnio.dylib

VM Arguments:
jvm_args: -Dfile.encoding=UTF-8 
java_command: csci201assignment3.src.GUIManager
java_class_path (initial): /Users/liamduffy/Dropbox/Development/eclipse/lduffy_CSCI201_Assignment#32/bin
Launcher Type: SUN_STANDARD

Environment Variables:
PATH=/usr/bin:/bin:/usr/sbin:/sbin
SHELL=/bin/bash

Signal Handlers:
SIGSEGV: [libjvm.dylib+0x578fd7], sa_mask[0]=11111111011111110111111111111111, sa_flags=SA_ONSTACK|SA_RESTART|SA_SIGINFO
SIGBUS: [libjvm.dylib+0x578fd7], sa_mask[0]=11111111011111110111111111111111, sa_flags=SA_RESTART|SA_SIGINFO
SIGFPE: [libjvm.dylib+0x45ab0c], sa_mask[0]=11111111011111110111111111111111, sa_flags=SA_RESTART|SA_SIGINFO
SIGPIPE: [libjvm.dylib+0x45ab0c], sa_mask[0]=11111111011111110111111111111111, sa_flags=SA_RESTART|SA_SIGINFO
SIGXFSZ: [libjvm.dylib+0x45ab0c], sa_mask[0]=11111111011111110111111111111111, sa_flags=SA_RESTART|SA_SIGINFO
SIGILL: [libjvm.dylib+0x45ab0c], sa_mask[0]=11111111011111110111111111111111, sa_flags=SA_RESTART|SA_SIGINFO
SIGUSR1: SIG_DFL, sa_mask[0]=00000000000000000000000000000000, sa_flags=SA_RESTART
SIGUSR2: [libjvm.dylib+0x45a62a], sa_mask[0]=00100000000000000000000000000000, sa_flags=SA_RESTART|SA_SIGINFO
SIGHUP: [libjvm.dylib+0x458bfd], sa_mask[0]=11111111011111110111111111111111, sa_flags=SA_RESTART|SA_SIGINFO
SIGINT: [libjvm.dylib+0x458bfd], sa_mask[0]=11111111011111110111111111111111, sa_flags=SA_RESTART|SA_SIGINFO
SIGTERM: [libjvm.dylib+0x458bfd], sa_mask[0]=11111111011111110111111111111111, sa_flags=SA_RESTART|SA_SIGINFO
SIGQUIT: [libjvm.dylib+0x458bfd], sa_mask[0]=11111111011111110111111111111111, sa_flags=SA_RESTART|SA_SIGINFO


---------------  S Y S T E M  ---------------

OS:Bsduname:Darwin 13.3.0 Darwin Kernel Version 13.3.0: Tue Jun  3 21:27:35 PDT 2014; root:xnu-2422.110.17~1/RELEASE_X86_64 x86_64
rlimit: STACK 8192k, CORE 0k, NPROC 709, NOFILE 10240, AS infinity
load average:4.18 4.88 6.72

CPU:total 4 (2 cores per cpu, 2 threads per core) family 6 model 69 stepping 1, cmov, cx8, fxsr, mmx, sse, sse2, sse3, ssse3, sse4.1, sse4.2, popcnt, avx, avx2, aes, clmul, erms, rtm, lzcnt, ht, tsc, tscinvbit, bmi1, bmi2

Memory: 4k page, physical 8388608k(147320k free)

/proc/meminfo:


vm_info: Java HotSpot(TM) 64-Bit Server VM (25.20-b23) for bsd-amd64 JRE (1.8.0_20-b26), built on Jul 30 2014 13:37:47 by "java_re" with gcc 4.2.1 (Based on Apple Inc. build 5658) (LLVM build 2336.9.00)

time: Mon Sep 29 14:17:07 2014
elapsed time: 1 seconds (0d 0h 0m 1s)

